\BOOKMARK [1][-]{section.1}{Basic information}{}% 1
\BOOKMARK [1][-]{section.2}{Education}{}% 2
\BOOKMARK [1][-]{section.3}{Research positions}{}% 3
\BOOKMARK [1][-]{section.4}{Teaching}{}% 4
\BOOKMARK [1][-]{section.5}{Students}{}% 5
\BOOKMARK [2][-]{subsection.5.1}{Current}{section.5}% 6
\BOOKMARK [2][-]{subsection.5.2}{Alumni}{section.5}% 7
\BOOKMARK [1][-]{section.6}{Awards}{}% 8
\BOOKMARK [1][-]{section.7}{Grants}{}% 9
\BOOKMARK [2][-]{subsection.7.1}{Funded grants and allocations}{section.7}% 10
\BOOKMARK [2][-]{subsection.7.2}{Supported grants}{section.7}% 11
\BOOKMARK [1][-]{section.8}{Professional activity}{}% 12
\BOOKMARK [2][-]{subsection.8.1}{Referee}{section.8}% 13
\BOOKMARK [2][-]{subsection.8.2}{Appointments and memberships}{section.8}% 14
\BOOKMARK [1][-]{section.9}{Service and outreach}{}% 15
\BOOKMARK [2][-]{subsection.9.1}{External}{section.9}% 16
\BOOKMARK [2][-]{subsection.9.2}{Internal}{section.9}% 17
\BOOKMARK [1][-]{section.10}{Publications}{}% 18
\BOOKMARK [2][-]{subsection.10.1}{Preprints}{section.10}% 19
\BOOKMARK [2][-]{subsection.10.2}{Journal papers}{section.10}% 20
\BOOKMARK [2][-]{subsection.10.3}{Refereed proceedings}{section.10}% 21
\BOOKMARK [2][-]{subsection.10.4}{Other publications}{section.10}% 22
\BOOKMARK [1][-]{section.11}{Talks}{}% 23
\BOOKMARK [2][-]{subsection.11.1}{Invited talks}{section.11}% 24
\BOOKMARK [2][-]{subsection.11.2}{Conference talks}{section.11}% 25
\BOOKMARK [1][-]{section.12}{Software}{}% 26
