\BOOKMARK [1][-]{section.1}{\376\377\000B\000a\000s\000i\000c\000\040\000i\000n\000f\000o\000r\000m\000a\000t\000i\000o\000n}{}% 1
\BOOKMARK [1][-]{section.2}{\376\377\000E\000d\000u\000c\000a\000t\000i\000o\000n}{}% 2
\BOOKMARK [1][-]{section.3}{\376\377\000P\000o\000s\000i\000t\000i\000o\000n\000s\000\040\000h\000e\000l\000d}{}% 3
\BOOKMARK [1][-]{section.4}{\376\377\000T\000e\000a\000c\000h\000i\000n\000g}{}% 4
\BOOKMARK [2][-]{subsection.4.1}{\376\377\000G\000e\000o\000r\000g\000i\000a\000\040\000I\000n\000s\000t\000i\000t\000u\000t\000e\000\040\000o\000f\000\040\000T\000e\000c\000h\000n\000o\000l\000o\000g\000y}{section.4}% 5
\BOOKMARK [2][-]{subsection.4.2}{\376\377\000O\000t\000h\000e\000r\000\040\000I\000n\000s\000t\000i\000t\000u\000t\000i\000o\000n\000s}{section.4}% 6
\BOOKMARK [1][-]{section.5}{\376\377\000S\000t\000u\000d\000e\000n\000t\000s}{}% 7
\BOOKMARK [2][-]{subsection.5.1}{\376\377\000G\000r\000a\000d\000u\000a\000t\000e}{section.5}% 8
\BOOKMARK [2][-]{subsection.5.2}{\376\377\000U\000n\000d\000e\000r\000g\000r\000a\000d\000u\000a\000t\000e}{section.5}% 9
\BOOKMARK [1][-]{section.6}{\376\377\000A\000w\000a\000r\000d\000s}{}% 10
\BOOKMARK [1][-]{section.7}{\376\377\000R\000e\000s\000e\000a\000r\000c\000h\000\040\000s\000u\000p\000p\000o\000r\000t}{}% 11
\BOOKMARK [2][-]{subsection.7.1}{\376\377\000F\000u\000n\000d\000e\000d\000\040\000g\000r\000a\000n\000t\000s}{section.7}% 12
\BOOKMARK [2][-]{subsection.7.2}{\376\377\000F\000u\000n\000d\000e\000d\000\040\000r\000e\000s\000o\000u\000r\000c\000e\000\040\000a\000n\000d\000\040\000h\000a\000r\000d\000w\000a\000r\000e\000\040\000a\000w\000a\000r\000d\000s}{section.7}% 13
\BOOKMARK [2][-]{subsection.7.3}{\376\377\000P\000e\000n\000d\000i\000n\000g\000\040\000g\000r\000a\000n\000t\000s}{section.7}% 14
\BOOKMARK [1][-]{section.8}{\376\377\000P\000r\000o\000f\000e\000s\000s\000i\000o\000n\000a\000l\000\040\000a\000c\000t\000i\000v\000i\000t\000y}{}% 15
\BOOKMARK [2][-]{subsection.8.1}{\376\377\000A\000p\000p\000o\000i\000n\000t\000m\000e\000n\000t\000s\000\040\000a\000n\000d\000\040\000m\000e\000m\000b\000e\000r\000s\000h\000i\000p\000s}{section.8}% 16
\BOOKMARK [2][-]{subsection.8.2}{\376\377\000R\000e\000f\000e\000r\000e\000e}{section.8}% 17
\BOOKMARK [1][-]{section.9}{\376\377\000S\000e\000r\000v\000i\000c\000e\000\040\000a\000n\000d\000\040\000o\000u\000t\000r\000e\000a\000c\000h}{}% 18
\BOOKMARK [2][-]{subsection.9.1}{\376\377\000G\000e\000o\000r\000g\000i\000a\000\040\000T\000e\000c\000h}{section.9}% 19
\BOOKMARK [3][-]{subsubsection.9.1.1}{\376\377\000I\000n\000s\000t\000i\000t\000u\000t\000e\000-\000l\000e\000v\000e\000l}{subsection.9.1}% 20
\BOOKMARK [3][-]{subsubsection.9.1.2}{\376\377\000C\000o\000C\000-\000l\000e\000v\000e\000l}{subsection.9.1}% 21
\BOOKMARK [3][-]{subsubsection.9.1.3}{\376\377\000S\000t\000u\000d\000e\000n\000t\000\040\000e\000x\000a\000m\000i\000n\000a\000t\000i\000o\000n\000\040\000c\000o\000m\000m\000i\000t\000t\000e\000e\000s}{subsection.9.1}% 22
\BOOKMARK [2][-]{subsection.9.2}{\376\377\000E\000x\000t\000e\000r\000n\000a\000l}{section.9}% 23
\BOOKMARK [1][-]{section.10}{\376\377\000P\000u\000b\000l\000i\000c\000a\000t\000i\000o\000n\000s}{}% 24
\BOOKMARK [2][-]{subsection.10.1}{\376\377\000P\000r\000e\000p\000r\000i\000n\000t\000s}{section.10}% 25
\BOOKMARK [2][-]{subsection.10.2}{\376\377\000J\000o\000u\000r\000n\000a\000l\000\040\000p\000a\000p\000e\000r\000s}{section.10}% 26
\BOOKMARK [2][-]{subsection.10.3}{\376\377\000R\000e\000f\000e\000r\000e\000e\000d\000\040\000c\000o\000n\000f\000e\000r\000e\000n\000c\000e\000\040\000p\000a\000p\000e\000r\000s}{section.10}% 27
\BOOKMARK [2][-]{subsection.10.4}{\376\377\000O\000t\000h\000e\000r\000\040\000p\000u\000b\000l\000i\000c\000a\000t\000i\000o\000n\000s}{section.10}% 28
\BOOKMARK [1][-]{section.11}{\376\377\000T\000a\000l\000k\000s}{}% 29
\BOOKMARK [2][-]{subsection.11.1}{\376\377\000I\000n\000v\000i\000t\000e\000d\000\040\000t\000a\000l\000k\000s}{section.11}% 30
\BOOKMARK [2][-]{subsection.11.2}{\376\377\000C\000o\000n\000f\000e\000r\000e\000n\000c\000e\000\040\000p\000r\000e\000s\000e\000n\000t\000a\000t\000i\000o\000n\000s}{section.11}% 31
\BOOKMARK [2][-]{subsection.11.3}{\376\377\000S\000o\000f\000t\000w\000a\000r\000e}{section.11}% 32
